<?xml version="1.0" encoding="UTF-8"?>
<!-- Generated by org.testng.reporters.JUnitReportReporter -->
<testsuite hostname="DESKTOP-8CFJFV0" failures="0" tests="1" name="testCode.homePage" time="39.739" errors="0" timestamp="2020-09-12T22:32:09 IST" skipped="0">
  <testcase classname="testCode.homePage" name="launchPage" time="39.739"/>
  <system-out/>
</testsuite> <!-- testCode.homePage -->
